Release 14.7 - xst P.20131013 (nt64)
Copyright (c) 1995-2013 Xilinx, Inc.  All rights reserved.
--> Parameter TMPDIR set to xst/projnav.tmp


Total REAL time to Xst completion: 0.00 secs
Total CPU time to Xst completion: 0.06 secs
 
--> Parameter xsthdpdir set to xst


Total REAL time to Xst completion: 0.00 secs
Total CPU time to Xst completion: 0.06 secs
 
--> Reading design: Sonar.prj

TABLE OF CONTENTS
  1) Synthesis Options Summary
  2) HDL Compilation
  3) Design Hierarchy Analysis
  4) HDL Analysis
  5) HDL Synthesis
     5.1) HDL Synthesis Report
  6) Advanced HDL Synthesis
     6.1) Advanced HDL Synthesis Report
  7) Low Level Synthesis
  8) Partition Report
  9) Final Report
	9.1) Device utilization summary
	9.2) Partition Resource Summary
	9.3) TIMING REPORT


=========================================================================
*                      Synthesis Options Summary                        *
=========================================================================
---- Source Parameters
Input File Name                    : "Sonar.prj"
Input Format                       : mixed
Ignore Synthesis Constraint File   : NO

---- Target Parameters
Output File Name                   : "Sonar"
Output Format                      : NGC
Target Device                      : xc3s250e-5-vq100

---- Source Options
Top Module Name                    : Sonar
Automatic FSM Extraction           : YES
FSM Encoding Algorithm             : Auto
Safe Implementation                : No
FSM Style                          : LUT
RAM Extraction                     : Yes
RAM Style                          : Auto
ROM Extraction                     : Yes
Mux Style                          : Auto
Decoder Extraction                 : YES
Priority Encoder Extraction        : Yes
Shift Register Extraction          : YES
Logical Shifter Extraction         : YES
XOR Collapsing                     : YES
ROM Style                          : Auto
Mux Extraction                     : Yes
Resource Sharing                   : YES
Asynchronous To Synchronous        : NO
Multiplier Style                   : Auto
Automatic Register Balancing       : No

---- Target Options
Add IO Buffers                     : YES
Global Maximum Fanout              : 500
Add Generic Clock Buffer(BUFG)     : 24
Register Duplication               : YES
Slice Packing                      : YES
Optimize Instantiated Primitives   : NO
Use Clock Enable                   : Yes
Use Synchronous Set                : Yes
Use Synchronous Reset              : Yes
Pack IO Registers into IOBs        : Auto
Equivalent register Removal        : YES

---- General Options
Optimization Goal                  : Speed
Optimization Effort                : 1
Keep Hierarchy                     : No
Netlist Hierarchy                  : As_Optimized
RTL Output                         : Yes
Global Optimization                : AllClockNets
Read Cores                         : YES
Write Timing Constraints           : NO
Cross Clock Analysis               : NO
Hierarchy Separator                : /
Bus Delimiter                      : <>
Case Specifier                     : Maintain
Slice Utilization Ratio            : 100
BRAM Utilization Ratio             : 100
Verilog 2001                       : YES
Auto BRAM Packing                  : NO
Slice Utilization Ratio Delta      : 5

=========================================================================


=========================================================================
*                          HDL Compilation                              *
=========================================================================
Compiling vhdl file "C:/Users/Waqas/Documents/Xilinx Projects/CS331FinalProject/Sonar.vhd" in Library work.
Entity <sonar> compiled.
Entity <sonar> (Architecture <behavioral>) compiled.

=========================================================================
*                     Design Hierarchy Analysis                         *
=========================================================================
Analyzing hierarchy for entity <Sonar> in library <work> (architecture <behavioral>).


=========================================================================
*                            HDL Analysis                               *
=========================================================================
Analyzing Entity <Sonar> in library <work> (Architecture <behavioral>).
WARNING:Xst:1639 - "C:/Users/Waqas/Documents/Xilinx Projects/CS331FinalProject/Sonar.vhd" line 52: Size of operands are different, smallest operand is adjusted.
WARNING:Xst:819 - "C:/Users/Waqas/Documents/Xilinx Projects/CS331FinalProject/Sonar.vhd" line 74: One or more signals are missing in the process sensitivity list. To enable synthesis of FPGA/CPLD hardware, XST will assume that all necessary signals are present in the sensitivity list. Please note that the result of the synthesis may differ from the initial design specification. The missing signals are:
   <echoTime>
Entity <Sonar> analyzed. Unit <Sonar> generated.


=========================================================================
*                           HDL Synthesis                               *
=========================================================================

Performing bidirectional port resolution...

Synthesizing Unit <Sonar>.
    Related source file is "C:/Users/Waqas/Documents/Xilinx Projects/CS331FinalProject/Sonar.vhd".
    Found 1-bit register for signal <trigger_pin>.
    Found 24-bit up counter for signal <count>.
    Found 24-bit comparator greater for signal <count$cmp_gt0000> created at line 52.
    Found 21-bit up counter for signal <echoTime>.
    Found 21-bit comparator less for signal <LED0$cmp_lt0000> created at line 76.
    Summary:
	inferred   2 Counter(s).
	inferred   1 D-type flip-flop(s).
	inferred   2 Comparator(s).
Unit <Sonar> synthesized.


=========================================================================
HDL Synthesis Report

Macro Statistics
# Counters                                             : 2
 21-bit up counter                                     : 1
 24-bit up counter                                     : 1
# Registers                                            : 1
 1-bit register                                        : 1
# Comparators                                          : 2
 21-bit comparator less                                : 1
 24-bit comparator greater                             : 1

=========================================================================

=========================================================================
*                       Advanced HDL Synthesis                          *
=========================================================================


=========================================================================
Advanced HDL Synthesis Report

Macro Statistics
# Counters                                             : 2
 21-bit up counter                                     : 1
 24-bit up counter                                     : 1
# Registers                                            : 1
 Flip-Flops                                            : 1
# Comparators                                          : 2
 21-bit comparator less                                : 1
 24-bit comparator greater                             : 1

=========================================================================

=========================================================================
*                         Low Level Synthesis                           *
=========================================================================

Optimizing unit <Sonar> ...

Mapping all equations...
Building and optimizing final netlist ...
Found area constraint ratio of 100 (+ 5) on block Sonar, actual ratio is 1.

Final Macro Processing ...

=========================================================================
Final Register Report

Macro Statistics
# Registers                                            : 46
 Flip-Flops                                            : 46

=========================================================================

=========================================================================
*                           Partition Report                            *
=========================================================================

Partition Implementation Status
-------------------------------

  No Partitions were found in this design.

-------------------------------

=========================================================================
*                            Final Report                               *
=========================================================================
Final Results
RTL Top Level Output File Name     : Sonar.ngr
Top Level Output File Name         : Sonar
Output Format                      : NGC
Optimization Goal                  : Speed
Keep Hierarchy                     : No

Design Statistics
# IOs                              : 4

Cell Usage :
# BELS                             : 172
#      GND                         : 1
#      INV                         : 8
#      LUT1                        : 47
#      LUT2                        : 3
#      LUT3                        : 1
#      LUT4                        : 6
#      MUXCY                       : 60
#      VCC                         : 1
#      XORCY                       : 45
# FlipFlops/Latches                : 46
#      FDR                         : 46
# Clock Buffers                    : 1
#      BUFGP                       : 1
# IO Buffers                       : 3
#      IBUF                        : 1
#      OBUF                        : 2
=========================================================================

Device utilization summary:
---------------------------

Selected Device : 3s250evq100-5 

 Number of Slices:                       33  out of   2448     1%  
 Number of Slice Flip Flops:             46  out of   4896     0%  
 Number of 4 input LUTs:                 65  out of   4896     1%  
 Number of IOs:                           4
 Number of bonded IOBs:                   4  out of     66     6%  
 Number of GCLKs:                         1  out of     24     4%  

---------------------------
Partition Resource Summary:
---------------------------

  No Partitions were found in this design.

---------------------------


=========================================================================
TIMING REPORT

NOTE: THESE TIMING NUMBERS ARE ONLY A SYNTHESIS ESTIMATE.
      FOR ACCURATE TIMING INFORMATION PLEASE REFER TO THE TRACE REPORT
      GENERATED AFTER PLACE-and-ROUTE.

Clock Information:
------------------
-----------------------------------+------------------------+-------+
Clock Signal                       | Clock buffer(FF name)  | Load  |
-----------------------------------+------------------------+-------+
clk                                | BUFGP                  | 46    |
-----------------------------------+------------------------+-------+

Asynchronous Control Signals Information:
----------------------------------------
No asynchronous control signals found in this design

Timing Summary:
---------------
Speed Grade: -5

   Minimum period: 5.760ns (Maximum Frequency: 173.613MHz)
   Minimum input arrival time before clock: 3.829ns
   Maximum output required time after clock: 7.162ns
   Maximum combinational path delay: No path found

Timing Detail:
--------------
All values displayed in nanoseconds (ns)

=========================================================================
Timing constraint: Default period analysis for Clock 'clk'
  Clock period: 5.760ns (frequency: 173.613MHz)
  Total number of paths / destination ports: 1131 / 70
-------------------------------------------------------------------------
Delay:               5.760ns (Levels of Logic = 13)
  Source:            count_0 (FF)
  Destination:       trigger_pin (FF)
  Source Clock:      clk rising
  Destination Clock: clk rising

  Data Path: count_0 to trigger_pin
                                Gate     Net
    Cell:in->out      fanout   Delay   Delay  Logical Name (Net Name)
    ----------------------------------------  ------------
     FDR:C->Q              2   0.514   0.532  count_0 (count_0)
     LUT4:I0->O            1   0.612   0.000  Mcompar_count_cmp_gt0000_lut<0> (Mcompar_count_cmp_gt0000_lut<0>)
     MUXCY:S->O            1   0.404   0.000  Mcompar_count_cmp_gt0000_cy<0> (Mcompar_count_cmp_gt0000_cy<0>)
     MUXCY:CI->O           1   0.052   0.000  Mcompar_count_cmp_gt0000_cy<1> (Mcompar_count_cmp_gt0000_cy<1>)
     MUXCY:CI->O           1   0.052   0.000  Mcompar_count_cmp_gt0000_cy<2> (Mcompar_count_cmp_gt0000_cy<2>)
     MUXCY:CI->O           1   0.052   0.000  Mcompar_count_cmp_gt0000_cy<3> (Mcompar_count_cmp_gt0000_cy<3>)
     MUXCY:CI->O           1   0.052   0.000  Mcompar_count_cmp_gt0000_cy<4> (Mcompar_count_cmp_gt0000_cy<4>)
     MUXCY:CI->O           1   0.052   0.000  Mcompar_count_cmp_gt0000_cy<5> (Mcompar_count_cmp_gt0000_cy<5>)
     MUXCY:CI->O           1   0.052   0.000  Mcompar_count_cmp_gt0000_cy<6> (Mcompar_count_cmp_gt0000_cy<6>)
     MUXCY:CI->O           1   0.052   0.000  Mcompar_count_cmp_gt0000_cy<7> (Mcompar_count_cmp_gt0000_cy<7>)
     MUXCY:CI->O           1   0.052   0.000  Mcompar_count_cmp_gt0000_cy<8> (Mcompar_count_cmp_gt0000_cy<8>)
     MUXCY:CI->O           1   0.052   0.000  Mcompar_count_cmp_gt0000_cy<9> (Mcompar_count_cmp_gt0000_cy<9>)
     MUXCY:CI->O           1   0.399   0.357  Mcompar_count_cmp_gt0000_cy<10> (Mcompar_count_cmp_gt0000_cy<10>)
     INV:I->O             25   0.612   1.071  Mcompar_count_cmp_gt0000_cy<10>_inv_INV_0 (count_cmp_gt0000)
     FDR:R                     0.795          trigger_pin
    ----------------------------------------
    Total                      5.760ns (3.800ns logic, 1.960ns route)
                                       (66.0% logic, 34.0% route)

=========================================================================
Timing constraint: Default OFFSET IN BEFORE for Clock 'clk'
  Total number of paths / destination ports: 21 / 21
-------------------------------------------------------------------------
Offset:              3.829ns (Levels of Logic = 2)
  Source:            echo_pin (PAD)
  Destination:       echoTime_0 (FF)
  Destination Clock: clk rising

  Data Path: echo_pin to echoTime_0
                                Gate     Net
    Cell:in->out      fanout   Delay   Delay  Logical Name (Net Name)
    ----------------------------------------  ------------
     IBUF:I->O             1   1.106   0.357  echo_pin_IBUF (echo_pin_IBUF)
     INV:I->O             21   0.612   0.959  echo_pin_inv1_INV_0 (echo_pin_inv)
     FDR:R                     0.795          echoTime_0
    ----------------------------------------
    Total                      3.829ns (2.513ns logic, 1.316ns route)
                                       (65.6% logic, 34.4% route)

=========================================================================
Timing constraint: Default OFFSET OUT AFTER for Clock 'clk'
  Total number of paths / destination ports: 17 / 2
-------------------------------------------------------------------------
Offset:              7.162ns (Levels of Logic = 9)
  Source:            echoTime_5 (FF)
  Destination:       LED0 (PAD)
  Source Clock:      clk rising

  Data Path: echoTime_5 to LED0
                                Gate     Net
    Cell:in->out      fanout   Delay   Delay  Logical Name (Net Name)
    ----------------------------------------  ------------
     FDR:C->Q              2   0.514   0.532  echoTime_5 (echoTime_5)
     LUT4:I0->O            1   0.612   0.000  Mcompar_LED0_cmp_lt0000_lut<0> (Mcompar_LED0_cmp_lt0000_lut<0>)
     MUXCY:S->O            1   0.404   0.000  Mcompar_LED0_cmp_lt0000_cy<0> (Mcompar_LED0_cmp_lt0000_cy<0>)
     MUXCY:CI->O           1   0.051   0.000  Mcompar_LED0_cmp_lt0000_cy<1> (Mcompar_LED0_cmp_lt0000_cy<1>)
     MUXCY:CI->O           1   0.051   0.000  Mcompar_LED0_cmp_lt0000_cy<2> (Mcompar_LED0_cmp_lt0000_cy<2>)
     MUXCY:CI->O           1   0.051   0.000  Mcompar_LED0_cmp_lt0000_cy<3> (Mcompar_LED0_cmp_lt0000_cy<3>)
     MUXCY:CI->O           1   0.051   0.000  Mcompar_LED0_cmp_lt0000_cy<4> (Mcompar_LED0_cmp_lt0000_cy<4>)
     MUXCY:CI->O           1   0.399   0.357  Mcompar_LED0_cmp_lt0000_cy<5> (Mcompar_LED0_cmp_lt0000_cy<5>)
     INV:I->O              1   0.612   0.357  Mcompar_LED0_cmp_lt0000_cy<5>_inv_INV_0 (LED0_OBUF)
     OBUF:I->O                 3.169          LED0_OBUF (LED0)
    ----------------------------------------
    Total                      7.162ns (5.917ns logic, 1.246ns route)
                                       (82.6% logic, 17.4% route)

=========================================================================


Total REAL time to Xst completion: 4.00 secs
Total CPU time to Xst completion: 3.38 secs
 
--> 

Total memory usage is 252624 kilobytes

Number of errors   :    0 (   0 filtered)
Number of warnings :    2 (   0 filtered)
Number of infos    :    0 (   0 filtered)

